<?xml version="1.0" encoding="UTF-8"?>
<!-- Generated by org.testng.reporters.JUnitReportReporter -->
<testsuite hostname="Alok-PC" failures="0" tests="1" name="com.alokindustries.scripts.RemoveFromCart" time="28.328" errors="0" timestamp="2021-06-29T03:54:54 IST" skipped="0">
  <testcase classname="com.alokindustries.scripts.RemoveFromCart" name="removeFromCartMethod" time="28.328"/>
  <system-out/>
</testsuite> <!-- com.alokindustries.scripts.RemoveFromCart -->
